\BOOKMARK [1][-]{section.1}{Installation, read, write, and run}{}% 1
\BOOKMARK [2][-]{subsection.1.1}{Mac}{section.1}% 2
\BOOKMARK [2][-]{subsection.1.2}{Windows}{section.1}% 3
\BOOKMARK [2][-]{subsection.1.3}{Linux}{section.1}% 4
\BOOKMARK [1][-]{section.2}{Basics}{}% 5
\BOOKMARK [2][-]{subsection.2.1}{Comments}{section.2}% 6
\BOOKMARK [2][-]{subsection.2.2}{Help}{section.2}% 7
\BOOKMARK [2][-]{subsection.2.3}{Data Types}{section.2}% 8
\BOOKMARK [2][-]{subsection.2.4}{Operators}{section.2}% 9
\BOOKMARK [2][-]{subsection.2.5}{Lists}{section.2}% 10
\BOOKMARK [3][-]{subsubsection.2.5.1}{Copying from a List}{subsection.2.5}% 11
\BOOKMARK [3][-]{subsubsection.2.5.2}{A counter-intuitive difference between update and reassignment}{subsection.2.5}% 12
\BOOKMARK [2][-]{subsection.2.6}{Indentation}{section.2}% 13
\BOOKMARK [2][-]{subsection.2.7}{Functions}{section.2}% 14
\BOOKMARK [3][-]{subsubsection.2.7.1}{Information About the Function}{subsection.2.7}% 15
\BOOKMARK [2][-]{subsection.2.8}{Method}{section.2}% 16
\BOOKMARK [3][-]{subsubsection.2.8.1}{Help on method}{subsection.2.8}% 17
\BOOKMARK [2][-]{subsection.2.9}{Output}{section.2}% 18
\BOOKMARK [2][-]{subsection.2.10}{Input}{section.2}% 19
\BOOKMARK [2][-]{subsection.2.11}{Conditional Statements}{section.2}% 20
\BOOKMARK [2][-]{subsection.2.12}{while-loop}{section.2}% 21
\BOOKMARK [3][-]{subsubsection.2.12.1}{while-True}{subsection.2.12}% 22
\BOOKMARK [2][-]{subsection.2.13}{for-loop}{section.2}% 23
\BOOKMARK [3][-]{subsubsection.2.13.1}{list comprehension}{subsection.2.13}% 24
\BOOKMARK [3][-]{subsubsection.2.13.2}{nested for-loop}{subsection.2.13}% 25
\BOOKMARK [2][-]{subsection.2.14}{Sets}{section.2}% 26
\BOOKMARK [3][-]{subsubsection.2.14.1}{Use-cases of sets}{subsection.2.14}% 27
\BOOKMARK [2][-]{subsection.2.15}{Dictionaries}{section.2}% 28
\BOOKMARK [3][-]{subsubsection.2.15.1}{Iterating through dictionaries}{subsection.2.15}% 29
\BOOKMARK [3][-]{subsubsection.2.15.2}{Dictionary Comprehension}{subsection.2.15}% 30
\BOOKMARK [3][-]{subsubsection.2.15.3}{Find key for minimum \(maximum\) value}{subsection.2.15}% 31
\BOOKMARK [2][-]{subsection.2.16}{Zip}{section.2}% 32
\BOOKMARK [2][-]{subsection.2.17}{Exception handling}{section.2}% 33
\BOOKMARK [2][-]{subsection.2.18}{Class}{section.2}% 34
\BOOKMARK [2][-]{subsection.2.19}{Write Data out to Files}{section.2}% 35
\BOOKMARK [2][-]{subsection.2.20}{Read Data in from Files}{section.2}% 36
\BOOKMARK [3][-]{subsubsection.2.20.1}{Read in Several Data files}{subsection.2.20}% 37
\BOOKMARK [2][-]{subsection.2.21}{import}{section.2}% 38
\BOOKMARK [2][-]{subsection.2.22}{Packages}{section.2}% 39
\BOOKMARK [1][-]{section.3}{Advanced}{}% 40
\BOOKMARK [2][-]{subsection.3.1}{args}{section.3}% 41
\BOOKMARK [2][-]{subsection.3.2}{kwargs}{section.3}% 42
\BOOKMARK [1][-]{section.4}{NumPy}{}% 43
\BOOKMARK [2][-]{subsection.4.1}{numpy arrays}{section.4}% 44
\BOOKMARK [2][-]{subsection.4.2}{slicing}{section.4}% 45
\BOOKMARK [2][-]{subsection.4.3}{shape and reshape}{section.4}% 46
\BOOKMARK [2][-]{subsection.4.4}{linspace}{section.4}% 47
\BOOKMARK [2][-]{subsection.4.5}{arange}{section.4}% 48
\BOOKMARK [3][-]{subsubsection.4.5.1}{comparing arange and linspace}{subsection.4.5}% 49
\BOOKMARK [2][-]{subsection.4.6}{meshgrid}{section.4}% 50
\BOOKMARK [2][-]{subsection.4.7}{random}{section.4}% 51
\BOOKMARK [2][-]{subsection.4.8}{hstack\(\)}{section.4}% 52
\BOOKMARK [2][-]{subsection.4.9}{vstack\(\)}{section.4}% 53
\BOOKMARK [2][-]{subsection.4.10}{Conditional Selection}{section.4}% 54
\BOOKMARK [2][-]{subsection.4.11}{np.where}{section.4}% 55
\BOOKMARK [2][-]{subsection.4.12}{Statistical Methods}{section.4}% 56
\BOOKMARK [1][-]{section.5}{Matplotlib}{}% 57
\BOOKMARK [2][-]{subsection.5.1}{Plotting List of Data}{section.5}% 58
\BOOKMARK [3][-]{subsubsection.5.1.1}{connected data point list plot}{subsection.5.1}% 59
\BOOKMARK [2][-]{subsection.5.2}{Plotting Function}{section.5}% 60
\BOOKMARK [2][-]{subsection.5.3}{3D plot}{section.5}% 61
\BOOKMARK [2][-]{subsection.5.4}{subplot}{section.5}% 62
\BOOKMARK [2][-]{subsection.5.5}{Histogram}{section.5}% 63
\BOOKMARK [2][-]{subsection.5.6}{Customisation}{section.5}% 64
\BOOKMARK [2][-]{subsection.5.7}{Legends}{section.5}% 65
\BOOKMARK [1][-]{section.6}{Pandas}{}% 66
\BOOKMARK [2][-]{subsection.6.1}{Selection}{section.6}% 67
\BOOKMARK [3][-]{subsubsection.6.1.1}{Conditional Selection}{subsection.6.1}% 68
\BOOKMARK [2][-]{subsection.6.2}{Column manipulation}{section.6}% 69
\BOOKMARK [1][-]{section.7}{scikit-learn}{}% 70
\BOOKMARK [1][-]{section.8}{SciPy}{}% 71
\BOOKMARK [1][-]{section.9}{yt-toolkit}{}% 72
\BOOKMARK [1][-]{section.10}{Glossary}{}% 73
\BOOKMARK [2][-]{subsection.10.1}{Enumerate}{section.10}% 74
\BOOKMARK [2][-]{subsection.10.2}{Init function}{section.10}% 75
\BOOKMARK [2][-]{subsection.10.3}{Main condition}{section.10}% 76
\BOOKMARK [2][-]{subsection.10.4}{Range}{section.10}% 77
\BOOKMARK [2][-]{subsection.10.5}{ravel\(\)}{section.10}% 78
\BOOKMARK [2][-]{subsection.10.6}{Basic Git}{section.10}% 79
\BOOKMARK [1][-]{section.11}{Exercise}{}% 80
\BOOKMARK [1][-]{section.12}{Answer}{}% 81
